\BOOKMARK [0][-]{section*.8}{\376\377\000L\000i\000s\000t\000\040\000o\000f\000\040\000A\000c\000r\000o\000n\000y\000m\000s}{}% 1
\BOOKMARK [0][-]{chapter.10}{\376\377\000I\000n\000t\000r\000o\000d\000u\000c\000t\000i\000o\000n}{}% 2
\BOOKMARK [1][-]{section.11}{\376\377\000B\000a\000c\000k\000g\000r\000o\000u\000n\000d\000\040\000t\000o\000\040\000t\000h\000e\000\040\000R\000e\000s\000e\000a\000r\000c\000h}{chapter.10}% 3
\BOOKMARK [1][-]{section.12}{\376\377\000R\000e\000s\000e\000a\000r\000c\000h\000\040\000P\000r\000o\000b\000l\000e\000m\000\040\000a\000n\000d\000\040\000R\000e\000s\000e\000a\000r\000c\000h\000\040\000Q\000u\000e\000s\000t\000i\000o\000n\000s}{chapter.10}% 4
\BOOKMARK [1][-]{section.13}{\376\377\000J\000u\000s\000t\000i\000f\000i\000c\000a\000t\000i\000o\000n\000\040\000f\000o\000r\000\040\000t\000h\000e\000\040\000r\000e\000s\000e\000a\000r\000c\000h}{chapter.10}% 5
\BOOKMARK [1][-]{section.14}{\376\377\000M\000e\000t\000h\000o\000d\000o\000l\000o\000g\000y}{chapter.10}% 6
\BOOKMARK [1][-]{section.16}{\376\377\000O\000u\000t\000l\000i\000n\000e\000\040\000o\000f\000\040\000t\000h\000e\000\040\000D\000i\000s\000s\000e\000r\000t\000a\000t\000i\000o\000n}{chapter.10}% 7
\BOOKMARK [1][-]{section.23}{\376\377\000D\000e\000f\000i\000n\000i\000t\000i\000o\000n\000s}{chapter.10}% 8
\BOOKMARK [1][-]{section.24}{\376\377\000D\000e\000l\000i\000m\000i\000t\000a\000t\000i\000o\000n\000s\000\040\000o\000f\000\040\000S\000c\000o\000p\000e}{chapter.10}% 9
\BOOKMARK [2][-]{subsection.25}{\376\377\000I\000n\000-\000S\000c\000o\000p\000e}{section.24}% 10
\BOOKMARK [2][-]{subsection.26}{\376\377\000O\000u\000t\000-\000S\000c\000o\000p\000e}{section.24}% 11
\BOOKMARK [1][-]{section.27}{\376\377\000C\000o\000n\000c\000l\000u\000s\000i\000o\000n}{chapter.10}% 12
\BOOKMARK [0][-]{chapter.28}{\376\377\000L\000i\000t\000e\000r\000a\000t\000u\000r\000e\000\040\000R\000e\000v\000i\000e\000w}{}% 13
\BOOKMARK [1][-]{section.29}{\376\377\000O\000v\000e\000r\000v\000i\000e\000w}{chapter.28}% 14
\BOOKMARK [1][-]{section.34}{\376\377\000B\000a\000c\000k\000g\000r\000o\000u\000n\000d\000\040\000a\000n\000d\000\040\000r\000e\000l\000a\000t\000e\000d\000\040\000t\000h\000e\000o\000r\000i\000e\000s}{chapter.28}% 15
\BOOKMARK [2][-]{subsection.35}{\376\377\000A\000b\000o\000u\000t\000\040\000I\000O}{section.34}% 16
\BOOKMARK [2][-]{subsection.38}{\376\377\000E\000v\000e\000n\000t\000\040\000l\000o\000o\000p\000s}{section.34}% 17
\BOOKMARK [2][-]{subsection.39}{\376\377\000W\000e\000b\000\040\000S\000e\000r\000v\000e\000r\000\040\000a\000r\000c\000h\000i\000t\000e\000c\000t\000u\000r\000e\000\040\000p\000e\000r\000f\000o\000r\000m\000a\000n\000c\000e}{section.34}% 18
\BOOKMARK [2][-]{subsection.40}{\376\377\000B\000a\000l\000l\000e\000r\000i\000n\000a\000\040\000l\000a\000n\000g\000u\000a\000g\000e}{section.34}% 19
\BOOKMARK [2][-]{subsection.42}{\376\377\000T\000h\000r\000e\000a\000d\000\040\000p\000o\000o\000l\000\040\000t\000u\000n\000i\000n\000g}{section.34}% 20
\BOOKMARK [2][-]{subsection.43}{\376\377\000I\000m\000p\000o\000r\000t\000a\000n\000c\000e\000\040\000o\000f\000\040\000o\000p\000t\000i\000m\000i\000z\000a\000t\000i\000o\000n}{section.34}% 21
\BOOKMARK [1][-]{section.44}{\376\377\000C\000o\000n\000c\000l\000u\000s\000i\000o\000n}{chapter.28}% 22
\BOOKMARK [0][-]{chapter.45}{\376\377\000D\000e\000s\000i\000g\000n}{}% 23
\BOOKMARK [1][-]{section.46}{\376\377\000B\000a\000l\000l\000e\000r\000i\000n\000a}{chapter.45}% 24
\BOOKMARK [2][-]{subsection.47}{\376\377\000B\000a\000l\000l\000e\000r\000i\000n\000a\000\040\000i\000n\000t\000e\000r\000n\000a\000l\000\040\000a\000r\000c\000h\000i\000t\000e\000c\000t\000u\000r\000e}{section.46}% 25
\BOOKMARK [1][-]{section.49}{\376\377\000D\000e\000s\000i\000g\000n\000\040\000s\000t\000e\000p\000s}{chapter.45}% 26
\BOOKMARK [2][-]{subsection.50}{\376\377\000T\000e\000s\000t\000i\000n\000g\000\040\000p\000r\000o\000c\000e\000s\000s}{section.49}% 27
\BOOKMARK [2][-]{subsection.52}{\376\377\000P\000h\000a\000s\000e\000\040\000I\000\040\000-\000\040\000I\000m\000p\000l\000e\000m\000e\000n\000t\000\040\000a\000n\000d\000\040\000e\000v\000a\000l\000u\000a\000t\000e\000\040\000p\000e\000r\000f\000o\000r\000m\000a\000n\000c\000e\000\040\000o\000f\000\040\000d\000i\000f\000f\000e\000r\000e\000n\000t\000\040\000s\000e\000r\000v\000e\000r\000\040\000a\000r\000c\000h\000i\000t\000e\000c\000t\000u\000r\000e\000s}{section.49}% 28
\BOOKMARK [2][-]{subsection.54}{\376\377\000P\000h\000a\000s\000e\000\040\000I\000I\000\040\000-\000\040\000T\000u\000n\000i\000n\000g\000\040\000t\000h\000r\000e\000a\000d\000\040\000p\000o\000o\000l\000\040\000s\000i\000z\000e}{section.49}% 29
\BOOKMARK [2][-]{subsection.57}{\376\377\000P\000h\000a\000s\000e\000\040\000I\000I\000I\000\040\000-\000\040\000B\000u\000i\000l\000d\000i\000n\000g\000\040\000m\000a\000c\000h\000i\000n\000e\000\040\000l\000e\000a\000r\000n\000i\000n\000g\000\040\000m\000o\000d\000e\000l\000\040\000t\000o\000\040\000p\000r\000e\000d\000i\000c\000t\000\040\000o\000p\000t\000i\000m\000a\000l\000\040\000t\000h\000r\000e\000a\000d\000\040\000p\000o\000o\000l\000\040\000s\000i\000z\000e\000\040\000f\000o\000r\000\040\000g\000i\000v\000e\000n\000\040\000p\000r\000o\000g\000r\000a\000m}{section.49}% 30
\BOOKMARK [2][-]{subsection.61}{\376\377\000P\000h\000a\000s\000e\000\040\000I\000V\000\040\000-\000\040\000P\000a\000r\000s\000i\000n\000g\000\040\000B\000a\000l\000l\000e\000r\000i\000n\000a\000\040\000A\000S\000T\000\040\000t\000o\000\040\000o\000b\000t\000a\000i\000n\000\040\000f\000e\000a\000t\000u\000r\000e\000s}{section.49}% 31
\BOOKMARK [1][-]{section.66}{\376\377\000F\000i\000n\000a\000l\000\040\000d\000e\000s\000i\000g\000n}{chapter.45}% 32
\BOOKMARK [1][-]{section.67}{\376\377\000L\000i\000m\000i\000t\000a\000t\000i\000o\000n\000s}{chapter.45}% 33
\BOOKMARK [0][-]{chapter.68}{\376\377\000I\000m\000p\000l\000e\000m\000e\000n\000t\000a\000t\000i\000o\000n}{}% 34
\BOOKMARK [1][-]{section.69}{\376\377\000I\000m\000p\000l\000e\000m\000e\000n\000t\000i\000n\000g\000\040\000s\000e\000r\000v\000e\000r\000\040\000a\000r\000c\000h\000i\000t\000e\000c\000t\000u\000r\000e\000s\000\040\000i\000n\000\040\000B\000a\000l\000l\000e\000r\000i\000n\000a}{chapter.68}% 35
\BOOKMARK [1][-]{section.128}{\376\377\000I\000m\000p\000l\000e\000m\000e\000n\000t\000i\000n\000g\000\040\000t\000e\000s\000t\000\040\000c\000a\000s\000e\000s\000\040\000f\000o\000r\000\040\000p\000e\000r\000f\000o\000r\000m\000a\000n\000c\000e\000\040\000e\000v\000a\000l\000u\000a\000t\000i\000o\000n}{chapter.68}% 36
\BOOKMARK [1][-]{section.173}{\376\377\000D\000e\000s\000i\000g\000n\000i\000n\000g\000\040\000a\000u\000t\000o\000m\000a\000t\000e\000d\000\040\000p\000i\000p\000e\000l\000i\000n\000e\000\040\000t\000o\000\040\000o\000b\000t\000a\000i\000n\000\040\000r\000e\000s\000u\000l\000t\000s}{chapter.68}% 37
\BOOKMARK [1][-]{section.180}{\376\377\000C\000r\000e\000a\000t\000i\000n\000g\000\040\000M\000a\000c\000h\000i\000n\000e\000\040\000l\000e\000a\000r\000n\000i\000n\000g\000\040\000m\000o\000d\000e\000l\000s\000\040\000t\000o\000\040\000p\000r\000e\000d\000i\000c\000t\000\040\000o\000p\000t\000i\000m\000a\000l\000\040\000t\000h\000r\000e\000a\000d\000\040\000p\000o\000o\000l\000\040\000s\000i\000z\000e}{chapter.68}% 38
\BOOKMARK [2][-]{subsection.233}{\376\377\000H\000y\000p\000e\000r\000\040\000p\000a\000r\000a\000m\000e\000t\000e\000r\000\040\000t\000u\000n\000i\000n\000g}{section.180}% 39
\BOOKMARK [1][-]{section.267}{\376\377\000C\000o\000n\000c\000l\000u\000s\000i\000o\000n}{chapter.68}% 40
\BOOKMARK [0][-]{chapter.268}{\376\377\000R\000e\000s\000u\000l\000t\000s\000\040\000a\000n\000d\000\040\000E\000v\000a\000l\000u\000a\000t\000i\000o\000n}{}% 41
\BOOKMARK [1][-]{section.269}{\376\377\000R\000e\000s\000u\000l\000t\000s\000\040\000c\000o\000m\000p\000a\000r\000i\000s\000o\000n\000\040\000o\000f\000\040\000d\000i\000f\000f\000e\000r\000e\000n\000t\000\040\000a\000r\000c\000h\000i\000t\000e\000c\000t\000u\000r\000e\000s}{chapter.268}% 42
\BOOKMARK [1][-]{section.276}{\376\377\000R\000e\000s\000u\000l\000t\000s\000\040\000c\000o\000m\000p\000a\000r\000i\000s\000o\000n\000\040\000o\000f\000\040\000d\000i\000f\000f\000e\000r\000e\000n\000t\000\040\000t\000h\000r\000e\000a\000d\000\040\000p\000o\000o\000l\000\040\000s\000i\000z\000e}{chapter.268}% 43
\BOOKMARK [1][-]{section.279}{\376\377\000R\000e\000s\000u\000l\000t\000s\000\040\000c\000o\000m\000p\000a\000r\000i\000s\000o\000n\000\040\000o\000f\000\040\000m\000a\000c\000h\000i\000n\000e\000\040\000l\000e\000a\000r\000n\000i\000n\000g\000\040\000m\000o\000d\000e\000l\000s}{chapter.268}% 44
\BOOKMARK [1][-]{section.284}{\376\377\000R\000e\000s\000u\000l\000t\000\040\000e\000v\000a\000l\000u\000a\000t\000i\000o\000n\000\040\000o\000f\000\040\000M\000a\000c\000h\000i\000n\000e\000\040\000l\000e\000a\000r\000n\000i\000n\000g\000\040\000m\000o\000d\000e\000l\000\040\000p\000r\000e\000d\000i\000c\000t\000i\000o\000n\000\040\000v\000s\000\040\000C\000u\000r\000r\000e\000n\000t\000\040\000B\000a\000l\000l\000e\000r\000i\000n\000a\000\040\000a\000r\000c\000h\000i\000t\000e\000c\000t\000u\000r\000e}{chapter.268}% 45
\BOOKMARK [1][-]{section.287}{\376\377\000C\000o\000n\000c\000l\000u\000s\000i\000o\000n}{chapter.268}% 46
\BOOKMARK [0][-]{chapter.288}{\376\377\000C\000o\000n\000c\000l\000u\000s\000i\000o\000n\000s}{}% 47
\BOOKMARK [1][-]{section.289}{\376\377\000I\000n\000t\000r\000o\000d\000u\000c\000t\000i\000o\000n}{chapter.288}% 48
\BOOKMARK [1][-]{section.290}{\376\377\000C\000o\000n\000c\000l\000u\000s\000i\000o\000n\000s\000\040\000a\000b\000o\000u\000t\000\040\000r\000e\000s\000e\000a\000r\000c\000h\000\040\000q\000u\000e\000s\000t\000i\000o\000n\000s\000\040\000\050\000a\000i\000m\000s\000/\000o\000b\000j\000e\000c\000t\000i\000v\000e\000s\000\051}{chapter.288}% 49
\BOOKMARK [1][-]{section.291}{\376\377\000C\000o\000n\000c\000l\000u\000s\000i\000o\000n\000s\000\040\000a\000b\000o\000u\000t\000\040\000r\000e\000s\000e\000a\000r\000c\000h\000\040\000p\000r\000o\000b\000l\000e\000m}{chapter.288}% 50
\BOOKMARK [1][-]{section.292}{\376\377\000L\000i\000m\000i\000t\000a\000t\000i\000o\000n\000s}{chapter.288}% 51
\BOOKMARK [1][-]{section.293}{\376\377\000I\000m\000p\000l\000i\000c\000a\000t\000i\000o\000n\000s\000\040\000f\000o\000r\000\040\000f\000u\000r\000t\000h\000e\000r\000\040\000r\000e\000s\000e\000a\000r\000c\000h}{chapter.288}% 52
\BOOKMARK [0][-]{appendix.294}{\376\377\000P\000u\000b\000l\000i\000c\000a\000t\000i\000o\000n\000s}{}% 53
\BOOKMARK [0][-]{appendix.295}{\376\377\000D\000i\000a\000g\000r\000a\000m\000s}{}% 54
\BOOKMARK [0][-]{appendix.296}{\376\377\000C\000o\000d\000e\000\040\000L\000i\000s\000t\000i\000n\000g\000s}{}% 55
