This is pdfTeX, Version 3.14159265-2.6-1.40.20 (TeX Live 2019/Debian) (preloaded format=pdflatex 2021.2.19)  26 MAR 2021 02:06
entering extended mode
 restricted \write18 enabled.
 %&-line parsing enabled.
**main.tex
(./main.tex
LaTeX2e <2020-02-02> patch level 2
L3 programming layer <2020-02-14>
(/usr/share/texlive/texmf-dist/tex/latex/base/report.cls
Document Class: report 2019/12/20 v1.4l Standard LaTeX document class
(/usr/share/texlive/texmf-dist/tex/latex/base/size12.clo
File: size12.clo 2019/12/20 v1.4l Standard LaTeX file (size option)
)
\c@part=\count167
\c@chapter=\count168
\c@section=\count169
\c@subsection=\count170
\c@subsubsection=\count171
\c@paragraph=\count172
\c@subparagraph=\count173
\c@figure=\count174
\c@table=\count175
\abovecaptionskip=\skip47
\belowcaptionskip=\skip48
\bibindent=\dimen134
)
(/usr/share/texlive/texmf-dist/tex/latex/base/inputenc.sty
Package: inputenc 2018/08/11 v1.3c Input encoding file
\inpenc@prehook=\toks14
\inpenc@posthook=\toks15
)
(/usr/share/texlive/texmf-dist/tex/latex/amsmath/amsmath.sty
Package: amsmath 2020/01/20 v2.17e AMS math features
\@mathmargin=\skip49

For additional information on amsmath, use the `?' option.
(/usr/share/texlive/texmf-dist/tex/latex/amsmath/amstext.sty
Package: amstext 2000/06/29 v2.01 AMS text

(/usr/share/texlive/texmf-dist/tex/latex/amsmath/amsgen.sty
File: amsgen.sty 1999/11/30 v2.0 generic functions
\@emptytoks=\toks16
\ex@=\dimen135
))
(/usr/share/texlive/texmf-dist/tex/latex/amsmath/amsbsy.sty
Package: amsbsy 1999/11/29 v1.2d Bold Symbols
\pmbraise@=\dimen136
)
(/usr/share/texlive/texmf-dist/tex/latex/amsmath/amsopn.sty
Package: amsopn 2016/03/08 v2.02 operator names
)
\inf@bad=\count176
LaTeX Info: Redefining \frac on input line 227.
\uproot@=\count177
\leftroot@=\count178
LaTeX Info: Redefining \overline on input line 389.
\classnum@=\count179
\DOTSCASE@=\count180
LaTeX Info: Redefining \ldots on input line 486.
LaTeX Info: Redefining \dots on input line 489.
LaTeX Info: Redefining \cdots on input line 610.
\Mathstrutbox@=\box45
\strutbox@=\box46
\big@size=\dimen137
LaTeX Font Info:    Redeclaring font encoding OML on input line 733.
LaTeX Font Info:    Redeclaring font encoding OMS on input line 734.
\macc@depth=\count181
\c@MaxMatrixCols=\count182
\dotsspace@=\muskip16
\c@parentequation=\count183
\dspbrk@lvl=\count184
\tag@help=\toks17
\row@=\count185
\column@=\count186
\maxfields@=\count187
\andhelp@=\toks18
\eqnshift@=\dimen138
\alignsep@=\dimen139
\tagshift@=\dimen140
\tagwidth@=\dimen141
\totwidth@=\dimen142
\lineht@=\dimen143
\@envbody=\toks19
\multlinegap=\skip50
\multlinetaggap=\skip51
\mathdisplay@stack=\toks20
LaTeX Info: Redefining \[ on input line 2859.
LaTeX Info: Redefining \] on input line 2860.
)
(/usr/share/texlive/texmf-dist/tex/latex/enumitem/enumitem.sty
Package: enumitem 2019/06/20 v3.9 Customized lists
\enitkv@toks@=\toks21
\labelindent=\skip52
\enit@outerparindent=\dimen144
\enit@toks=\toks22
\enit@inbox=\box47
\enit@count@id=\count188
\enitdp@description=\count189
)
(/usr/share/texlive/texmf-dist/tex/latex/wrapfig/wrapfig.sty
\wrapoverhang=\dimen145
\WF@size=\dimen146
\c@WF@wrappedlines=\count190
\WF@box=\box48
\WF@everypar=\toks23
Package: wrapfig 2003/01/31  v 3.6
)
(/usr/share/texlive/texmf-dist/tex/latex/tabto-ltx/tabto.sty
Package: tabto 2018/12/28  v 1.4  Another tabbing mechanism
\CurrentLineWidth=\dimen147
\TabPrevPos=\dimen148
)
(/usr/share/texlive/texmf-dist/tex/latex/caption/subcaption.sty
Package: subcaption 2020/01/22 v1.3d Sub-captions (AR)

(/usr/share/texlive/texmf-dist/tex/latex/caption/caption.sty
Package: caption 2020/01/03 v3.4h Customizing captions (AR)

(/usr/share/texlive/texmf-dist/tex/latex/caption/caption3.sty
Package: caption3 2020/01/03 v1.8h caption3 kernel (AR)
Package caption3 Info: TeX engine: e-TeX on input line 61.

(/usr/share/texlive/texmf-dist/tex/latex/graphics/keyval.sty
Package: keyval 2014/10/28 v1.15 key=value parser (DPC)
\KV@toks@=\toks24
)
\captionmargin=\dimen149
\captionmargin@=\dimen150
\captionwidth=\dimen151
\caption@tempdima=\dimen152
\caption@indent=\dimen153
\caption@parindent=\dimen154
\caption@hangindent=\dimen155
Package caption Info: Standard document class detected.
)
\c@caption@flags=\count191
\c@continuedfloat=\count192
Package caption Info: wrapfig package is loaded.
)
\c@subfigure=\count193
\c@subtable=\count194
)
(/usr/share/texlive/texmf-dist/tex/latex/mathtools/mathtools.sty
Package: mathtools 2020/01/17 v1.23 mathematical typesetting tools

(/usr/share/texlive/texmf-dist/tex/latex/tools/calc.sty
Package: calc 2017/05/25 v4.3 Infix arithmetic (KKT,FJ)
\calc@Acount=\count195
\calc@Bcount=\count196
\calc@Adimen=\dimen156
\calc@Bdimen=\dimen157
\calc@Askip=\skip53
\calc@Bskip=\skip54
LaTeX Info: Redefining \setlength on input line 80.
LaTeX Info: Redefining \addtolength on input line 81.
\calc@Ccount=\count197
\calc@Cskip=\skip55
)
(/usr/share/texlive/texmf-dist/tex/latex/mathtools/mhsetup.sty
Package: mhsetup 2017/03/31 v1.3 programming setup (MH)
)
LaTeX Info: Thecontrolsequence`\('isalreadyrobust on input line 129.
LaTeX Info: Thecontrolsequence`\)'isalreadyrobust on input line 129.
LaTeX Info: Thecontrolsequence`\['isalreadyrobust on input line 129.
LaTeX Info: Thecontrolsequence`\]'isalreadyrobust on input line 129.
\g_MT_multlinerow_int=\count198
\l_MT_multwidth_dim=\dimen158
\origjot=\skip56
\l_MT_shortvdotswithinadjustabove_dim=\dimen159
\l_MT_shortvdotswithinadjustbelow_dim=\dimen160
\l_MT_above_intertext_sep=\dimen161
\l_MT_below_intertext_sep=\dimen162
\l_MT_above_shortintertext_sep=\dimen163
\l_MT_below_shortintertext_sep=\dimen164
)
(/usr/share/texlive/texmf-dist/tex/latex/graphics/color.sty
Package: color 2019/11/23 v1.2a Standard LaTeX Color (DPC)

(/usr/share/texlive/texmf-dist/tex/latex/graphics-cfg/color.cfg
File: color.cfg 2016/01/02 v1.6 sample color configuration
)
Package color Info: Driver file: pdftex.def on input line 147.

(/usr/share/texlive/texmf-dist/tex/latex/graphics-def/pdftex.def
File: pdftex.def 2018/01/08 v1.0l Graphics/color driver for pdftex
))
(/usr/share/texlive/texmf-dist/tex/latex/preprint/authblk.sty
Package: authblk 2001/02/27 1.3 (PWD)
\affilsep=\skip57
\@affilsep=\skip58
\c@Maxaffil=\count199
\c@authors=\count266
\c@affil=\count267
)
(/usr/share/texlive/texmf-dist/tex/latex/booktabs/booktabs.sty
Package: booktabs 2020/01/12 v1.61803398 Publication quality tables
\heavyrulewidth=\dimen165
\lightrulewidth=\dimen166
\cmidrulewidth=\dimen167
\belowrulesep=\dimen168
\belowbottomsep=\dimen169
\aboverulesep=\dimen170
\abovetopsep=\dimen171
\cmidrulesep=\dimen172
\cmidrulekern=\dimen173
\defaultaddspace=\dimen174
\@cmidla=\count268
\@cmidlb=\count269
\@aboverulesep=\dimen175
\@belowrulesep=\dimen176
\@thisruleclass=\count270
\@lastruleclass=\count271
\@thisrulewidth=\dimen177
)
(/usr/share/texlive/texmf-dist/tex/latex/multirow/multirow.sty
Package: multirow 2019/05/31 v2.5 Span multiple rows of a table
\multirow@colwidth=\skip59
\multirow@cntb=\count272
\multirow@dima=\skip60
\bigstrutjot=\dimen178
)
(/usr/share/texlive/texmf-dist/tex/latex/setspace/setspace.sty
Package: setspace 2011/12/19 v6.7a set line spacing
)
(/usr/share/texlive/texmf-dist/tex/latex/base/ifthen.sty
Package: ifthen 2014/09/29 v1.1c Standard LaTeX ifthen package (DPC)
)
(/usr/share/texlive/texmf-dist/tex/latex/tools/verbatim.sty
Package: verbatim 2019/11/10 v1.5r LaTeX2e package for verbatim enhancements
\every@verbatim=\toks25
\verbatim@line=\toks26
\verbatim@in@stream=\read2
)
(/usr/share/texlive/texmf-dist/tex/latex/etoolbox/etoolbox.sty
Package: etoolbox 2019/09/21 v2.5h e-TeX tools for LaTeX (JAW)
\etb@tempcnta=\count273
)
(/usr/share/texlive/texmf-dist/tex/latex/epigraph/epigraph.sty
Package: epigraph 2020/01/02 v1.5e typesetting epigraphs

(/usr/share/texlive/texmf-dist/tex/latex/nextpage/nextpage.sty
Package: nextpage 2009/09/03 v1.1a additional page commands
)
\beforeepigraphskip=\skip61
\afterepigraphskip=\skip62
\epigraphwidth=\skip63
\epigraphrule=\skip64
)
(/usr/share/texlive/texmf-dist/tex/latex/graphics/graphicx.sty
Package: graphicx 2019/11/30 v1.2a Enhanced LaTeX Graphics (DPC,SPQR)

(/usr/share/texlive/texmf-dist/tex/latex/graphics/graphics.sty
Package: graphics 2019/11/30 v1.4a Standard LaTeX Graphics (DPC,SPQR)

(/usr/share/texlive/texmf-dist/tex/latex/graphics/trig.sty
Package: trig 2016/01/03 v1.10 sin cos tan (DPC)
)
(/usr/share/texlive/texmf-dist/tex/latex/graphics-cfg/graphics.cfg
File: graphics.cfg 2016/06/04 v1.11 sample graphics configuration
)
Package graphics Info: Driver file: pdftex.def on input line 105.
)
\Gin@req@height=\dimen179
\Gin@req@width=\dimen180
)
(/usr/share/texlive/texmf-dist/tex/latex/tools/longtable.sty
Package: longtable 2020/01/07 v4.13 Multi-page Table package (DPC)
\LTleft=\skip65
\LTright=\skip66
\LTpre=\skip67
\LTpost=\skip68
\LTchunksize=\count274
\LTcapwidth=\dimen181
\LT@head=\box49
\LT@firsthead=\box50
\LT@foot=\box51
\LT@lastfoot=\box52
\LT@cols=\count275
\LT@rows=\count276
\c@LT@tables=\count277
\c@LT@chunks=\count278
\LT@p@ftn=\toks27
)
(/usr/share/texlive/texmf-dist/tex/latex/ragged2e/ragged2e.sty
Package: ragged2e 2019/07/28 v2.2 ragged2e Package (MS)

(/usr/share/texlive/texmf-dist/tex/latex/ms/everysel.sty
Package: everysel 2011/10/28 v1.2 EverySelectfont Package (MS)
)
\CenteringLeftskip=\skip69
\RaggedLeftLeftskip=\skip70
\RaggedRightLeftskip=\skip71
\CenteringRightskip=\skip72
\RaggedLeftRightskip=\skip73
\RaggedRightRightskip=\skip74
\CenteringParfillskip=\skip75
\RaggedLeftParfillskip=\skip76
\RaggedRightParfillskip=\skip77
\JustifyingParfillskip=\skip78
\CenteringParindent=\skip79
\RaggedLeftParindent=\skip80
\RaggedRightParindent=\skip81
\JustifyingParindent=\skip82
)
(/usr/share/texlive/texmf-dist/tex/latex/datetime/datetime.sty
Package: datetime 2015/03/20 v2.60 Date Time Package

(/usr/share/texlive/texmf-dist/tex/latex/fmtcount/fmtcount.sty
Package: fmtcount 2020/01/30 v3.06

(/usr/share/texlive/texmf-dist/tex/latex/xkeyval/xkeyval.sty
Package: xkeyval 2014/12/03 v2.7a package option processing (HA)

(/usr/share/texlive/texmf-dist/tex/generic/xkeyval/xkeyval.tex
(/usr/share/texlive/texmf-dist/tex/generic/xkeyval/xkvutils.tex
\XKV@toks=\toks28
\XKV@tempa@toks=\toks29
)
\XKV@depth=\count279
File: xkeyval.tex 2014/12/03 v2.7a key=value parser (HA)
))
(/usr/share/texlive/texmf-dist/tex/latex/fmtcount/fcprefix.sty
Package: fcprefix 2012/09/28

(/usr/share/texlive/texmf-dist/tex/latex/fmtcount/fcnumparser.sty
Package: fcnumparser 2017/06/15
\fc@digit@counter=\count280
))
\c@padzeroesN=\count281
\fc@tmpcatcode=\count282
\@DT@modctr=\count283
\@ordinalctr=\count284
\@orgargctr=\count285
\@strctr=\count286
\@tmpstrctr=\count287
\@DT@loopN=\count288
\@DT@X=\count289
)
(/usr/share/texlive/texmf-dist/tex/latex/datetime/datetime-defaults.sty
Package: datetime-defaults 2013/09/10
)
\@day=\count290
\@month=\count291
\@year=\count292
\c@HOUR=\count293
\c@HOURXII=\count294
\c@MINUTE=\count295
\c@TOHOUR=\count296
\c@TOMINUTE=\count297
\c@SECOND=\count298
\currenthour=\count299
\currentminute=\count300
\currentsecond=\count301
Package datetime Info: No datetime.cfg file found, using default settings on in
put line 308.
\@dtctr=\count302
\dayofyear=\count303
\dayofweek=\count304
LaTeX Info: Redefining \today on input line 736.
\dt@a=\toks30
\dt@b=\toks31
)
(/usr/share/texlive/texmf-dist/tex/latex/listings/listings.sty
\lst@mode=\count305
\lst@gtempboxa=\box53
\lst@token=\toks32
\lst@length=\count306
\lst@currlwidth=\dimen182
\lst@column=\count307
\lst@pos=\count308
\lst@lostspace=\dimen183
\lst@width=\dimen184
\lst@newlines=\count309
\lst@lineno=\count310
\lst@maxwidth=\dimen185

(/usr/share/texlive/texmf-dist/tex/latex/listings/lstmisc.sty
File: lstmisc.sty 2019/09/10 1.8c (Carsten Heinz)
\c@lstnumber=\count311
\lst@skipnumbers=\count312
\lst@framebox=\box54
)
(/usr/share/texlive/texmf-dist/tex/latex/listings/listings.cfg
File: listings.cfg 2019/09/10 1.8c listings configuration
))
Package: listings 2019/09/10 1.8c (Carsten Heinz)

(/usr/share/texlive/texmf-dist/tex/latex/dirtytalk/dirtytalk.sty
Package: dirtytalk 2010/11/21 A package making "quoting" easier

(/usr/share/texlive/texmf-dist/tex/latex/kvoptions/kvoptions.sty
Package: kvoptions 2019/11/29 v3.13 Key value format for package options (HO)

(/usr/share/texlive/texmf-dist/tex/generic/ltxcmds/ltxcmds.sty
Package: ltxcmds 2019/12/15 v1.24 LaTeX kernel commands for general use (HO)
)
(/usr/share/texlive/texmf-dist/tex/generic/kvsetkeys/kvsetkeys.sty
Package: kvsetkeys 2019/12/15 v1.18 Key value parser (HO)
))
\c@dirtytalk@qdepth=\count313
)
(/usr/share/texlive/texmf-dist/tex/latex/float/float.sty
Package: float 2001/11/08 v1.3d Float enhancements (AL)
\c@float@type=\count314
\float@exts=\toks33
\float@box=\box55
\@float@everytoks=\toks34
\@floatcapt=\box56
)
(/usr/share/texlive/texmf-dist/tex/latex/xcolor/xcolor.sty
Package: xcolor 2016/05/11 v2.12 LaTeX color extensions (UK)

(/usr/share/texlive/texmf-dist/tex/latex/graphics-cfg/color.cfg
File: color.cfg 2016/01/02 v1.6 sample color configuration
)
Package xcolor Info: Driver file: pdftex.def on input line 225.

(/usr/share/texlive/texmf-dist/tex/latex/colortbl/colortbl.sty
Package: colortbl 2020/01/04 v1.0e Color table columns (DPC)

(/usr/share/texlive/texmf-dist/tex/latex/tools/array.sty
Package: array 2019/08/31 v2.4l Tabular extension package (FMi)
\col@sep=\dimen186
\ar@mcellbox=\box57
\extrarowheight=\dimen187
\NC@list=\toks35
\extratabsurround=\skip83
\backup@length=\skip84
\ar@cellbox=\box58
)
\everycr=\toks36
\minrowclearance=\skip85
)
LaTeX Info: Redefining \color on input line 709.
\rownum=\count315
Package xcolor Info: Model `cmy' substituted by `cmy0' on input line 1348.
Package xcolor Info: Model `hsb' substituted by `rgb' on input line 1352.
Package xcolor Info: Model `RGB' extended on input line 1364.
Package xcolor Info: Model `HTML' substituted by `rgb' on input line 1366.
Package xcolor Info: Model `Hsb' substituted by `hsb' on input line 1367.
Package xcolor Info: Model `tHsb' substituted by `hsb' on input line 1368.
Package xcolor Info: Model `HSB' substituted by `hsb' on input line 1369.
Package xcolor Info: Model `Gray' substituted by `gray' on input line 1370.
Package xcolor Info: Model `wave' substituted by `hsb' on input line 1371.
)
(/usr/share/texlive/texmf-dist/tex/latex/hyperref/hyperref.sty
Package: hyperref 2020/01/14 v7.00d Hypertext links for LaTeX

(/usr/share/texlive/texmf-dist/tex/generic/iftex/iftex.sty
Package: iftex 2019/11/07 v1.0c TeX engine tests
)
(/usr/share/texlive/texmf-dist/tex/latex/pdftexcmds/pdftexcmds.sty
Package: pdftexcmds 2019/11/24 v0.31 Utility functions of pdfTeX for LuaTeX (HO
)

(/usr/share/texlive/texmf-dist/tex/generic/infwarerr/infwarerr.sty
Package: infwarerr 2019/12/03 v1.5 Providing info/warning/error messages (HO)
)
Package pdftexcmds Info: \pdf@primitive is available.
Package pdftexcmds Info: \pdf@ifprimitive is available.
Package pdftexcmds Info: \pdfdraftmode found.
)
(/usr/share/texlive/texmf-dist/tex/generic/kvdefinekeys/kvdefinekeys.sty
Package: kvdefinekeys 2019-12-19 v1.6 Define keys (HO)
)
(/usr/share/texlive/texmf-dist/tex/generic/pdfescape/pdfescape.sty
Package: pdfescape 2019/12/09 v1.15 Implements pdfTeX's escape features (HO)
)
(/usr/share/texlive/texmf-dist/tex/latex/hycolor/hycolor.sty
Package: hycolor 2020-01-27 v1.10 Color options for hyperref/bookmark (HO)
)
(/usr/share/texlive/texmf-dist/tex/latex/letltxmacro/letltxmacro.sty
Package: letltxmacro 2019/12/03 v1.6 Let assignment for LaTeX macros (HO)
)
(/usr/share/texlive/texmf-dist/tex/latex/auxhook/auxhook.sty
Package: auxhook 2019-12-17 v1.6 Hooks for auxiliary files (HO)
)
\@linkdim=\dimen188
\Hy@linkcounter=\count316
\Hy@pagecounter=\count317

(/usr/share/texlive/texmf-dist/tex/latex/hyperref/pd1enc.def
File: pd1enc.def 2020/01/14 v7.00d Hyperref: PDFDocEncoding definition (HO)
Now handling font encoding PD1 ...
... no UTF-8 mapping file for font encoding PD1
)
(/usr/share/texlive/texmf-dist/tex/generic/intcalc/intcalc.sty
Package: intcalc 2019/12/15 v1.3 Expandable calculations with integers (HO)
)
(/usr/share/texlive/texmf-dist/tex/generic/etexcmds/etexcmds.sty
Package: etexcmds 2019/12/15 v1.7 Avoid name clashes with e-TeX commands (HO)
)
\Hy@SavedSpaceFactor=\count318
\pdfmajorversion=\count319
Package hyperref Info: Option `unicode' set `true' on input line 4421.

(/usr/share/texlive/texmf-dist/tex/latex/hyperref/puenc.def
File: puenc.def 2020/01/14 v7.00d Hyperref: PDF Unicode definition (HO)
Now handling font encoding PU ...
... no UTF-8 mapping file for font encoding PU
)
Package hyperref Info: Option `hypertexnames' set `false' on input line 4421.
Package hyperref Info: Hyper figures OFF on input line 4547.
Package hyperref Info: Link nesting OFF on input line 4552.
Package hyperref Info: Hyper index ON on input line 4555.
Package hyperref Info: Plain pages OFF on input line 4562.
Package hyperref Info: Backreferencing OFF on input line 4567.
Package hyperref Info: Implicit mode ON; LaTeX internals redefined.
Package hyperref Info: Bookmarks ON on input line 4800.
\c@Hy@tempcnt=\count320

(/usr/share/texlive/texmf-dist/tex/latex/url/url.sty
\Urlmuskip=\muskip17
Package: url 2013/09/16  ver 3.4  Verb mode for urls, etc.
)
LaTeX Info: Redefining \url on input line 5159.
\XeTeXLinkMargin=\dimen189

(/usr/share/texlive/texmf-dist/tex/generic/bitset/bitset.sty
Package: bitset 2019/12/09 v1.3 Handle bit-vector datatype (HO)

(/usr/share/texlive/texmf-dist/tex/generic/bigintcalc/bigintcalc.sty
Package: bigintcalc 2019/12/15 v1.5 Expandable calculations on big integers (HO
)
))
\Fld@menulength=\count321
\Field@Width=\dimen190
\Fld@charsize=\dimen191
Package hyperref Info: Hyper figures OFF on input line 6430.
Package hyperref Info: Link nesting OFF on input line 6435.
Package hyperref Info: Hyper index ON on input line 6438.
Package hyperref Info: backreferencing OFF on input line 6445.
Package hyperref Info: Link coloring OFF on input line 6450.
Package hyperref Info: Link coloring with OCG OFF on input line 6455.
Package hyperref Info: PDF/A mode OFF on input line 6460.
LaTeX Info: Redefining \ref on input line 6500.
LaTeX Info: Redefining \pageref on input line 6504.

(/usr/share/texlive/texmf-dist/tex/generic/atbegshi/atbegshi.sty
Package: atbegshi 2019/12/05 v1.19 At begin shipout hook (HO)
)
\Hy@abspage=\count322
\c@Item=\count323
\c@Hfootnote=\count324
)
Package hyperref Info: Driver (autodetected): hpdftex.

(/usr/share/texlive/texmf-dist/tex/latex/hyperref/hpdftex.def
File: hpdftex.def 2020/01/14 v7.00d Hyperref driver for pdfTeX

(/usr/share/texlive/texmf-dist/tex/latex/atveryend/atveryend.sty
Package: atveryend 2019-12-11 v1.11 Hooks at the very end of document (HO)
)
\Fld@listcount=\count325
\c@bookmark@seq@number=\count326

(/usr/share/texlive/texmf-dist/tex/latex/rerunfilecheck/rerunfilecheck.sty
Package: rerunfilecheck 2019/12/05 v1.9 Rerun checks for auxiliary files (HO)

(/usr/share/texlive/texmf-dist/tex/generic/uniquecounter/uniquecounter.sty
Package: uniquecounter 2019/12/15 v1.4 Provide unlimited unique counter (HO)
)
Package uniquecounter Info: New unique counter `rerunfilecheck' on input line 2
86.
)
\Hy@SectionHShift=\skip86
)
(/usr/share/texlive/texmf-dist/tex/latex/oberdiek/hypcap.sty
Package: hypcap 2016/05/16 v1.12 Adjusting the anchors of captions (HO)
)
(/usr/share/texlive/texmf-dist/tex/latex/titlesec/titlesec.sty
Package: titlesec 2019/10/16 v2.13 Sectioning titles
\ttl@box=\box59
\beforetitleunit=\skip87
\aftertitleunit=\skip88
\ttl@plus=\dimen192
\ttl@minus=\dimen193
\ttl@toksa=\toks37
\titlewidth=\dimen194
\titlewidthlast=\dimen195
\titlewidthfirst=\dimen196
)
(/usr/share/texlive/texmf-dist/tex/latex/algorithm2e/algorithm2e.sty
Package: algorithm2e 2017/07/18 v5.2 algorithms environments
\c@AlgoLine=\count327
\algocf@hangindent=\skip89

(/usr/share/texlive/texmf-dist/tex/latex/ifoddpage/ifoddpage.sty
Package: ifoddpage 2016/04/23 v1.1 Conditionals for odd/even page detection
\c@checkoddpage=\count328
)
(/usr/share/texlive/texmf-dist/tex/latex/tools/xspace.sty
Package: xspace 2014/10/28 v1.13 Space after command names (DPC,MH)
)
(/usr/share/texlive/texmf-dist/tex/latex/relsize/relsize.sty
Package: relsize 2013/03/29 ver 4.1
)
\skiptotal=\skip90
\skiplinenumber=\skip91
\skiprule=\skip92
\skiphlne=\skip93
\skiptext=\skip94
\skiplength=\skip95
\algomargin=\skip96
\skipalgocfslide=\skip97
\algowidth=\dimen197
\inoutsize=\dimen198
\inoutindent=\dimen199
\interspacetitleruled=\dimen256
\interspacealgoruled=\dimen257
\interspacetitleboxruled=\dimen258
\algocf@ruledwidth=\skip98
\algocf@inoutbox=\box60
\algocf@inputbox=\box61
\AlCapSkip=\skip99
\AlCapHSkip=\skip100
\algoskipindent=\skip101
\algocf@nlbox=\box62
\algocf@hangingbox=\box63
\algocf@untilbox=\box64
\algocf@skipuntil=\skip102
\algocf@capbox=\box65
\algocf@lcaptionbox=\skip103
\algoheightruledefault=\skip104
\algoheightrule=\skip105
\algotitleheightruledefault=\skip106
\algotitleheightrule=\skip107
\c@algocfline=\count329
\c@algocfproc=\count330
\c@algocf=\count331
\algocf@algoframe=\box66
\algocf@algobox=\box67
)
(/usr/share/texlive/texmf-dist/tex/latex/geometry/geometry.sty
Package: geometry 2020/01/02 v5.9 Page Geometry

(/usr/share/texlive/texmf-dist/tex/generic/iftex/ifvtex.sty
Package: ifvtex 2019/10/25 v1.7 ifvtex legacy package. Use iftex instead.
)
\Gm@cnth=\count332
\Gm@cntv=\count333
\c@Gm@tempcnt=\count334
\Gm@bindingoffset=\dimen259
\Gm@wd@mp=\dimen260
\Gm@odd@mp=\dimen261
\Gm@even@mp=\dimen262
\Gm@layoutwidth=\dimen263
\Gm@layoutheight=\dimen264
\Gm@layouthoffset=\dimen265
\Gm@layoutvoffset=\dimen266
\Gm@dimlist=\toks38
)
(/usr/share/texlive/texmf-dist/tex/latex/glossaries/base/glossaries.sty
Package: glossaries 2020/02/13 v4.45 (NLCT)

(/usr/share/texlive/texmf-dist/tex/latex/mfirstuc/mfirstuc.sty
Package: mfirstuc 2017/11/14 v2.06 (NLCT)
\@glsmfirst=\toks39
\@glsmrest=\toks40
)
(/usr/share/texlive/texmf-dist/tex/latex/textcase/textcase.sty
Package: textcase 2019/09/14 v1.00 Text only upper/lower case changing (DPC)
)
(/usr/share/texlive/texmf-dist/tex/latex/xfor/xfor.sty
Package: xfor 2009/02/05 v1.05 (NLCT)
)
(/usr/share/texlive/texmf-dist/tex/latex/datatool/datatool-base.sty
Package: datatool-base 2019/09/27 v2.32 (NLCT)

(/usr/share/texlive/texmf-dist/tex/latex/substr/substr.sty
Package: substr 2009/10/20 v1.2 Handle substrings
\c@su@anzahl=\count335
)
(/usr/share/texlive/texmf-dist/tex/latex/datatool/datatool-fp.sty
Package: datatool-fp 2019/09/27 v2.32 (NLCT)

(/usr/share/texlive/texmf-dist/tex/latex/fp/fp.sty
Package: fp 1995/04/02

`Fixed Point Package', Version 0.8, April 2, 1995 (C) Michael Mehlich
(/usr/share/texlive/texmf-dist/tex/latex/fp/defpattern.sty
Package: defpattern 1994/10/12
\actioncount=\count336
)
(/usr/share/texlive/texmf-dist/tex/latex/fp/fp-basic.sty
Package: fp-basic 1996/05/13
\FP@xs=\count337
\FP@xia=\count338
\FP@xib=\count339
\FP@xfa=\count340
\FP@xfb=\count341
\FP@rega=\count342
\FP@regb=\count343
\FP@regs=\count344
\FP@times=\count345
)
(/usr/share/texlive/texmf-dist/tex/latex/fp/fp-addons.sty
Package: fp-addons 1995/03/15
)
(/usr/share/texlive/texmf-dist/tex/latex/fp/fp-snap.sty
Package: fp-snap 1995/04/05
)
(/usr/share/texlive/texmf-dist/tex/latex/fp/fp-exp.sty
Package: fp-exp 1995/04/03
)
(/usr/share/texlive/texmf-dist/tex/latex/fp/fp-trigo.sty
Package: fp-trigo 1995/04/14
)
(/usr/share/texlive/texmf-dist/tex/latex/fp/fp-pas.sty
Package: fp-pas 1994/08/29
)
(/usr/share/texlive/texmf-dist/tex/latex/fp/fp-random.sty
Package: fp-random 1995/02/23
\FPseed=\count346
)
(/usr/share/texlive/texmf-dist/tex/latex/fp/fp-eqn.sty
Package: fp-eqn 1995/04/03
)
(/usr/share/texlive/texmf-dist/tex/latex/fp/fp-upn.sty
Package: fp-upn 1996/10/21
)
(/usr/share/texlive/texmf-dist/tex/latex/fp/fp-eval.sty
Package: fp-eval 1995/04/03
)))
\@dtl@toks=\toks41
\@dtl@tmpcount=\count347
\dtl@tmplength=\skip108
\dtl@sortresult=\count348
\@dtl@numgrpsepcount=\count349
\@dtl@datatype=\count350
\dtl@codeA=\count351
\dtl@codeB=\count352
\@dtl@foreach@level=\count353
)
(/usr/share/texlive/texmf-dist/tex/latex/glossaries/base/glossaries-compatible-
307.sty
Package: glossaries-compatible-307 2020/02/13 v4.45 (NLCT)
)
\gls@level=\count354
\@gls@tmpb=\toks42
\gls@tmplen=\skip109
\glskeylisttok=\toks43
\glslabeltok=\toks44
\glsshorttok=\toks45
\glslongtok=\toks46

(/usr/share/texlive/texmf-dist/tex/latex/glossaries/styles/glossary-hypernav.st
y
Package: glossary-hypernav 2020/02/13 v4.45 (NLCT)
) (/usr/share/texlive/texmf-dist/tex/latex/glossaries/styles/glossary-list.sty
Package: glossary-list 2020/02/13 v4.45 (NLCT)
\glslistdottedwidth=\skip110
) (/usr/share/texlive/texmf-dist/tex/latex/glossaries/styles/glossary-long.sty
Package: glossary-long 2020/02/13 v4.45 (NLCT)
\glsdescwidth=\skip111
\glspagelistwidth=\skip112
) (/usr/share/texlive/texmf-dist/tex/latex/glossaries/styles/glossary-super.sty
Package: glossary-super 2020/02/13 v4.45 (NLCT)

(/usr/share/texlive/texmf-dist/tex/latex/supertabular/supertabular.sty
Package: supertabular 2020/02/02 v4.1g the supertabular environment
\c@tracingst=\count355
\ST@wd=\dimen267
\ST@rightskip=\skip113
\ST@leftskip=\skip114
\ST@parfillskip=\skip115
\ST@pageleft=\dimen268
\ST@headht=\dimen269
\ST@tailht=\dimen270
\ST@pagesofar=\dimen271
\ST@pboxht=\dimen272
\ST@lineht=\dimen273
\ST@prevht=\dimen274
\ST@toadd=\dimen275
\ST@dimen=\dimen276
\ST@pbox=\box68
))
(/usr/share/texlive/texmf-dist/tex/latex/glossaries/styles/glossary-tree.sty
Package: glossary-tree 2020/02/13 v4.45 (NLCT)
\glstreeindent=\skip116
))
\glswrite=\write3
\glo@main@file=\write4
\openout4 = `main.glo'.

Package glossaries Info: Writing glossary file main.glo on input line 87.
\glo@acronym@file=\write5
\openout5 = `main.acn'.

Package glossaries Info: Writing glossary file main.acn on input line 87.

(/usr/share/texlive/texmf-dist/tex/latex/l3backend/l3backend-pdfmode.def
File: l3backend-pdfmode.def 2020-02-03 L3 backend support: PDF mode
\l__kernel_color_stack_int=\count356
\l__pdf_internal_box=\box69
)
(./main.aux (./Cover-Page.aux) (./Title-Page.aux) (./Declaration.aux)
(./Abstract.aux) (./Preface.aux) (./Acknowledgement.aux) (./1-Introduction.aux)
(./2-Literature-Review.aux) (./3-Design.aux) (./4-Implementation.aux)
(./5-Results-and-Evaluation.aux) (./6-Conclusions.aux) (./AppendixA.aux)
(./AppendixB.aux) (./AppendixC.aux))
\openout1 = `main.aux'.

LaTeX Font Info:    Checking defaults for OML/cmm/m/it on input line 110.
LaTeX Font Info:    ... okay on input line 110.
LaTeX Font Info:    Checking defaults for OMS/cmsy/m/n on input line 110.
LaTeX Font Info:    ... okay on input line 110.
LaTeX Font Info:    Checking defaults for OT1/cmr/m/n on input line 110.
LaTeX Font Info:    ... okay on input line 110.
LaTeX Font Info:    Checking defaults for T1/cmr/m/n on input line 110.
LaTeX Font Info:    ... okay on input line 110.
LaTeX Font Info:    Checking defaults for TS1/cmr/m/n on input line 110.
LaTeX Font Info:    ... okay on input line 110.
LaTeX Font Info:    Checking defaults for OMX/cmex/m/n on input line 110.
LaTeX Font Info:    ... okay on input line 110.
LaTeX Font Info:    Checking defaults for U/cmr/m/n on input line 110.
LaTeX Font Info:    ... okay on input line 110.
LaTeX Font Info:    Checking defaults for PD1/pdf/m/n on input line 110.
LaTeX Font Info:    ... okay on input line 110.
LaTeX Font Info:    Checking defaults for PU/pdf/m/n on input line 110.
LaTeX Font Info:    ... okay on input line 110.
Package caption Info: Begin \AtBeginDocument code.
Package caption Info: float package is loaded.
Package caption Info: hyperref package is loaded.
Package caption Info: hypcap package is loaded.
Package caption Info: listings package is loaded.
Package caption Info: longtable package is loaded.

(/usr/share/texlive/texmf-dist/tex/latex/caption/ltcaption.sty
Package: ltcaption 2018/08/26 v1.4a longtable captions (AR)
)
Package caption Info: supertabular package is loaded.
Package caption Info: End \AtBeginDocument code.

(/usr/share/texlive/texmf-dist/tex/context/base/mkii/supp-pdf.mkii
[Loading MPS to PDF converter (version 2006.09.02).]
\scratchcounter=\count357
\scratchdimen=\dimen277
\scratchbox=\box70
\nofMPsegments=\count358
\nofMParguments=\count359
\everyMPshowfont=\toks47
\MPscratchCnt=\count360
\MPscratchDim=\dimen278
\MPnumerator=\count361
\makeMPintoPDFobject=\count362
\everyMPtoPDFconversion=\toks48
) (/usr/share/texlive/texmf-dist/tex/latex/epstopdf-pkg/epstopdf-base.sty
Package: epstopdf-base 2020-01-24 v2.11 Base part for package epstopdf
Package epstopdf-base Info: Redefining graphics rule for `.eps' on input line 4
85.

(/usr/share/texlive/texmf-dist/tex/latex/latexconfig/epstopdf-sys.cfg
File: epstopdf-sys.cfg 2010/07/13 v1.3 Configuration of (r)epstopdf for TeX Liv
e
))
ABD: EverySelectfont initializing macros
LaTeX Info: Redefining \selectfont on input line 110.

(/usr/share/texlive/texmf-dist/tex/latex/fmtcount/fc-english.def
File: fc-english.def 2016/01/12
)
\c@lstlisting=\count363
\AtBeginShipoutBox=\box71
Package hyperref Info: Link coloring OFF on input line 110.

(/usr/share/texlive/texmf-dist/tex/latex/hyperref/nameref.sty
Package: nameref 2019/09/16 v2.46 Cross-referencing by name of section

(/usr/share/texlive/texmf-dist/tex/latex/refcount/refcount.sty
Package: refcount 2019/12/15 v3.6 Data extraction from label references (HO)
)
(/usr/share/texlive/texmf-dist/tex/generic/gettitlestring/gettitlestring.sty
Package: gettitlestring 2019/12/15 v1.6 Cleanup title references (HO)
)
\c@section@level=\count364
)
LaTeX Info: Redefining \ref on input line 110.
LaTeX Info: Redefining \pageref on input line 110.
LaTeX Info: Redefining \nameref on input line 110.

(./main.out) (./main.out)
\@outlinefile=\write6
\openout6 = `main.out'.


*geometry* driver: auto-detecting
*geometry* detected driver: pdftex
*geometry* verbose mode - [ preamble ] result:
* driver: pdftex
* paper: a4paper
* layout: <same size as paper>
* layoutoffset:(h,v)=(0.0pt,0.0pt)
* modes: 
* h-part:(L,W,R)=(105.27519pt, 421.1008pt, 71.13188pt)
* v-part:(T,H,B)=(71.13188pt, 702.78308pt, 71.13188pt)
* \paperwidth=597.50787pt
* \paperheight=845.04684pt
* \textwidth=421.1008pt
* \textheight=702.78308pt
* \oddsidemargin=33.0052pt
* \evensidemargin=33.0052pt
* \topmargin=-38.1381pt
* \headheight=12.0pt
* \headsep=25.0pt
* \topskip=12.0pt
* \footskip=30.0pt
* \marginparwidth=35.0pt
* \marginparsep=10.0pt
* \columnsep=10.0pt
* \skip\footins=10.8pt plus 4.0pt minus 2.0pt
* \hoffset=0.0pt
* \voffset=0.0pt
* \mag=1000
* \@twocolumnfalse
* \@twosidefalse
* \@mparswitchfalse
* \@reversemarginfalse
* (1in=72.27pt=25.4mm, 1cm=28.453pt)

\openout2 = `Cover-Page.aux'.

(./Cover-Page.tex
*geometry* verbose mode - [ newgeometry ] result:
* driver: pdftex
* paper: a4paper
* layout: <same size as paper>
* layoutoffset:(h,v)=(0.0pt,0.0pt)
* modes: 
* h-part:(L,W,R)=(90.3375pt, 416.83289pt, 90.3375pt)
* v-part:(T,H,B)=(227.65005pt, 475.02481pt, 142.37198pt)
* \paperwidth=597.50787pt
* \paperheight=845.04684pt
* \textwidth=416.83289pt
* \textheight=475.02481pt
* \oddsidemargin=18.0675pt
* \evensidemargin=18.0675pt
* \topmargin=118.38007pt
* \headheight=12.0pt
* \headsep=25.0pt
* \topskip=12.0pt
* \footskip=30.0pt
* \marginparwidth=35.0pt
* \marginparsep=10.0pt
* \columnsep=10.0pt
* \skip\footins=10.8pt plus 4.0pt minus 2.0pt
* \hoffset=0.0pt
* \voffset=0.0pt
* \mag=1000
* \@twocolumnfalse
* \@twosidefalse
* \@mparswitchfalse
* \@reversemarginfalse
* (1in=72.27pt=25.4mm, 1cm=28.453pt)

 [1

\openout3 = `main.ist'.



{/var/lib/texmf/fonts/map/pdftex/updmap/pdftex.map}])
\openout2 = `Title-Page.aux'.


(./Title-Page.tex
*geometry* verbose mode - [ newgeometry ] result:
* driver: pdftex
* paper: a4paper
* layout: <same size as paper>
* layoutoffset:(h,v)=(0.0pt,0.0pt)
* modes: 
* h-part:(L,W,R)=(72.26999pt, 452.9679pt, 72.26999pt)
* v-part:(T,H,B)=(72.26999pt, 700.50687pt, 72.26999pt)
* \paperwidth=597.50787pt
* \paperheight=845.04684pt
* \textwidth=452.9679pt
* \textheight=700.50687pt
* \oddsidemargin=0.0pt
* \evensidemargin=0.0pt
* \topmargin=-37.0pt
* \headheight=12.0pt
* \headsep=25.0pt
* \topskip=12.0pt
* \footskip=30.0pt
* \marginparwidth=35.0pt
* \marginparsep=10.0pt
* \columnsep=10.0pt
* \skip\footins=10.8pt plus 4.0pt minus 2.0pt
* \hoffset=0.0pt
* \voffset=0.0pt
* \mag=1000
* \@twocolumnfalse
* \@twosidefalse
* \@mparswitchfalse
* \@reversemarginfalse
* (1in=72.27pt=25.4mm, 1cm=28.453pt)

<figures/UoC-logo-black.png, id=232, 231.264pt x 262.77373pt>
File: figures/UoC-logo-black.png Graphic file (type png)
<use figures/UoC-logo-black.png>
Package pdftex.def Info: figures/UoC-logo-black.png  used on input line 5.
(pdftex.def)             Requested size: 67.94241pt x 77.2008pt.
<figures/UCSC_Logo.jpg, id=234, 596.2275pt x 572.1375pt>
File: figures/UCSC_Logo.jpg Graphic file (type jpg)
<use figures/UCSC_Logo.jpg>
Package pdftex.def Info: figures/UCSC_Logo.jpg  used on input line 21.
(pdftex.def)             Requested size: 67.94241pt x 65.19641pt.
 [1



 <./figures/UoC-logo-black.png> <./figures/UCSC_Logo.jpg>])
\openout2 = `Declaration.aux'.

(./Declaration.tex)
Underfull \hbox (badness 10000) in paragraph at lines 3--117

 []


Underfull \hbox (badness 10000) in paragraph at lines 3--117

 []


Underfull \hbox (badness 10000) in paragraph at lines 3--117

 []


Overfull \hbox (2.41406pt too wide) in paragraph at lines 3--117
\OT1/cmr/m/n/12 Signature of Can-di-date |  Date: 07/02/2020 
 []


Underfull \hbox (badness 10000) in paragraph at lines 3--117

 []


Underfull \hbox (badness 10000) in paragraph at lines 3--117

 []


Underfull \hbox (badness 10000) in paragraph at lines 3--117

 []


Underfull \hbox (badness 10000) in paragraph at lines 3--117

 []


Overfull \hbox (3.78488pt too wide) in paragraph at lines 3--117
\OT1/cmr/m/n/12 Signature of Su-per-vi-sor |  Date: 07/02/2020 
 []

[1



]
\openout2 = `Abstract.aux'.

 (./Abstract.tex) [2



]
\openout2 = `Preface.aux'.

 (./Preface.tex) [3



]
\openout2 = `Acknowledgement.aux'.

 (./Acknowledgement.tex) [4



]
(./main.toc [5


] [6])
\tf@toc=\write7
\openout7 = `main.toc'.

 [7] (./main.lof [8

])
\tf@lof=\write8
\openout8 = `main.lof'.

 [9] (./main.lot)
\tf@lot=\write9
\openout9 = `main.lot'.

 (./main.acr [10

])
[11


]
\openout2 = `1-Introduction.aux'.

 (./1-Introduction.tex
Chapter 1.
[1


] [2] [3] [4]
<figures/hl_architecture.png, id=499, 610.28pt x 488.82625pt>
File: figures/hl_architecture.png Graphic file (type png)
<use figures/hl_architecture.png>
Package pdftex.def Info: figures/hl_architecture.png  used on input line 67.
(pdftex.def)             Requested size: 305.13925pt x 244.41252pt.
 [5 <./figures/hl_architecture.png>] [6]
Overfull \hbox (1.92537pt too wide) in paragraph at lines 121--122
[]\OT1/cmr/m/n/12 Evaluate and com-pare the re-sults for dif-fer-ent de-ploy-me
nt en-vi-ron-ments which
 []

) [7] [8]
\openout2 = `2-Literature-Review.aux'.

 (./2-Literature-Review.tex
Chapter 2.
[9



] [10] [11] [12] [13]
<figures/diagram_view_db_call.png, id=601, 376.40625pt x 232.87pt>
File: figures/diagram_view_db_call.png Graphic file (type png)
<use figures/diagram_view_db_call.png>
Package pdftex.def Info: figures/diagram_view_db_call.png  used on input line 1
07.
(pdftex.def)             Requested size: 263.48257pt x 163.00787pt.
 [14 <./figures/diagram_view_db_call.png>] [15] [16])
[17]
\openout2 = `3-Design.aux'.

 (./3-Design.tex
Chapter 3.
[18



]
Underfull \hbox (badness 10000) in paragraph at lines 28--29

 []


Overfull \hbox (15.4592pt too wide) in paragraph at lines 30--31
[]\OT1/cmr/m/it/12 stream$\OML/cmm/m/it/12 <$\OT1/cmr/m/it/12 record, error$\OM
L/cmm/m/it/12 >$ \OT1/cmr/m/it/12 re-sult-Stream = mysql-Client4 - $\OML/cmm/m/
it/12 >$ \OT1/cmr/m/it/12 query(<@untainted>query); 
 []


Underfull \hbox (badness 10000) in paragraph at lines 30--31

 []

[19]
<figures/bal-internal.png, id=657, 781.92125pt x 423.5825pt>
File: figures/bal-internal.png Graphic file (type png)
<use figures/bal-internal.png>
Package pdftex.def Info: figures/bal-internal.png  used on input line 56.
(pdftex.def)             Requested size: 390.95967pt x 211.79073pt.
 [20] [21 <./figures/bal-internal.png>]
<figures/jmeter_bal.png, id=667, 392.46625pt x 81.30376pt>
File: figures/jmeter_bal.png Graphic file (type png)
<use figures/jmeter_bal.png>
Package pdftex.def Info: figures/jmeter_bal.png  used on input line 90.
(pdftex.def)             Requested size: 196.23264pt x 40.65176pt.
 [22 <./figures/jmeter_bal.png>]
Overfull \hbox (80.0567pt too wide) in paragraph at lines 119--120
\OT1/cmr/m/n/12 per-formed. \OT1/cmr/bx/n/12 De-fault thread pool size of Bal-l
e-rina sched-uler \OT1/cmr/m/n/12 is $[] \OMS/cmsy/m/n/12 ^^B []$\OT1/cmr/m/n/1
2 .
 []

[23]
<figures/prime_small test results.png, id=681, 949.5475pt x 949.5475pt>
File: figures/prime_small test results.png Graphic file (type png)
<use figures/prime_small test results.png>
Package pdftex.def Info: figures/prime_small test results.png  used on input li
ne 147.
(pdftex.def)             Requested size: 332.3466pt x 332.3466pt.
 [24] [25 <./figures/prime_small test results.png>]
<figures/black_box_boundary.png, id=693, 568.1225pt x 274.02374pt>
File: figures/black_box_boundary.png Graphic file (type png)
<use figures/black_box_boundary.png>
Package pdftex.def Info: figures/black_box_boundary.png  used on input line 189
.
(pdftex.def)             Requested size: 284.06055pt x 137.01154pt.
 [26 <./figures/black_box_boundary.png>] [27]
<figures/optimal_pool_size.png, id=709, 442.65375pt x 329.23pt>
File: figures/optimal_pool_size.png Graphic file (type png)
<use figures/optimal_pool_size.png>
Package pdftex.def Info: figures/optimal_pool_size.png  used on input line 238.

(pdftex.def)             Requested size: 221.32632pt x 164.6146pt.
 [28 <./figures/optimal_pool_size.png>]
<figures/sample_code_for_ast.png, id=727, 1261.71375pt x 309.155pt>
File: figures/sample_code_for_ast.png Graphic file (type png)
<use figures/sample_code_for_ast.png>
Package pdftex.def Info: figures/sample_code_for_ast.png  used on input line 30
0.
(pdftex.def)             Requested size: 378.51704pt x 92.74721pt.
 [29]
<figures/AST example.png, id=734, 472.76625pt x 482.80376pt>
File: figures/AST example.png Graphic file (type png)
<use figures/AST example.png>
Package pdftex.def Info: figures/AST example.png  used on input line 308.
(pdftex.def)             Requested size: 236.38254pt x 241.40129pt.
 [30 <./figures/sample_code_for_ast.png> <./figures/AST example.png>]) [31] [32
]
\openout2 = `4-Implementation.aux'.


(./4-Implementation.tex
Chapter 4.
[33



] (/usr/share/texlive/texmf-dist/tex/latex/listings/lstlang1.sty
File: lstlang1.sty 2019/09/10 1.8c listings language file
) [34]
[35]
Overfull \hbox (4.74301pt too wide) in paragraph at lines 96--96
|[]\OT1/cmr/bx/n/17.28 Implementing test cases for per-for-mance eval-
 []

[36] [37]
<figures/jmeter_sc.png, id=878, 962.59625pt x 601.24625pt>
File: figures/jmeter_sc.png Graphic file (type png)
<use figures/jmeter_sc.png>
Package pdftex.def Info: figures/jmeter_sc.png  used on input line 168.
(pdftex.def)             Requested size: 288.7811pt x 180.37526pt.
<figures/tsung-graph.png, id=879, 478.15pt x 615.7699pt>
File: figures/tsung-graph.png Graphic file (type png)
<use figures/tsung-graph.png>
Package pdftex.def Info: figures/tsung-graph.png  used on input line 177.
(pdftex.def)             Requested size: 191.2566pt x 246.30359pt.
 [38 <./figures/jmeter_sc.png>] [39 <./figures/tsung-graph.png>]
<figures/Tes_env.png, id=904, 402.50375pt x 482.80376pt>
File: figures/Tes_env.png Graphic file (type png)
<use figures/Tes_env.png>
Package pdftex.def Info: figures/Tes_env.png  used on input line 217.
(pdftex.def)             Requested size: 201.25137pt x 241.40129pt.

[40 <./figures/Tes_env.png>]
(/usr/share/texlive/texmf-dist/tex/latex/listings/lstlang1.sty
File: lstlang1.sty 2019/09/10 1.8c listings language file
) [41] [42]
[43]) [44]
\openout2 = `5-Results-and-Evaluation.aux'.

 (./5-Results-and-Evaluation.tex
Chapter 5.
<figures/db_select test results.png, id=1013, 949.5475pt x 949.5475pt>
File: figures/db_select test results.png Graphic file (type png)
<use figures/db_select test results.png>
Package pdftex.def Info: figures/db_select test results.png  used on input line
 18.
(pdftex.def)             Requested size: 474.77258pt x 474.77258pt.

Overfull \hbox (53.67178pt too wide) in paragraph at lines 18--19
 [] 
 []

File: figures/prime_small test results.png Graphic file (type png)
<use figures/prime_small test results.png>
Package pdftex.def Info: figures/prime_small test results.png  used on input li
ne 26.
(pdftex.def)             Requested size: 474.77258pt x 474.77258pt.

Overfull \hbox (53.67178pt too wide) in paragraph at lines 26--27
 [] 
 []

<figures/prime_medium test results.png, id=1014, 949.5475pt x 949.5475pt>
File: figures/prime_medium test results.png Graphic file (type png)
<use figures/prime_medium test results.png>
Package pdftex.def Info: figures/prime_medium test results.png  used on input l
ine 34.
(pdftex.def)             Requested size: 474.77258pt x 474.77258pt.

Overfull \hbox (53.67178pt too wide) in paragraph at lines 34--35
 [] 
 []

<figures/prime_large test results.png, id=1015, 949.5475pt x 949.5475pt>
File: figures/prime_large test results.png Graphic file (type png)
<use figures/prime_large test results.png>
Package pdftex.def Info: figures/prime_large test results.png  used on input li
ne 42.
(pdftex.def)             Requested size: 474.77258pt x 474.77258pt.

Overfull \hbox (53.67178pt too wide) in paragraph at lines 42--43
 [] 
 []

<figures/file test results.png, id=1016, 949.5475pt x 949.5475pt>
File: figures/file test results.png Graphic file (type png)
<use figures/file test results.png>
Package pdftex.def Info: figures/file test results.png  used on input line 50.
(pdftex.def)             Requested size: 474.77258pt x 474.77258pt.

Overfull \hbox (53.67178pt too wide) in paragraph at lines 50--51
 [] 
 []

[45



] [46 <./figures/db_select test results.png>] [47] [48 <./figures/prime_medium 
test results.png>] [49 <./figures/prime_large test results.png>] [50 <./figures
/file test results.png>]
<figures/db-ps-pm-pl-ms-fr.png, id=1048, 324.4923pt x 210.0648pt>
File: figures/db-ps-pm-pl-ms-fr.png Graphic file (type png)
<use figures/db-ps-pm-pl-ms-fr.png>
Package pdftex.def Info: figures/db-ps-pm-pl-ms-fr.png  used on input line 62.
(pdftex.def)             Requested size: 389.38881pt x 252.07649pt.
 [51 <./figures/db-ps-pm-pl-ms-fr.png>]
<figures/pool-db-http.png, id=1057, 439.4016pt x 215.8464pt>
File: figures/pool-db-http.png Graphic file (type png)
<use figures/pool-db-http.png>
Package pdftex.def Info: figures/pool-db-http.png  used on input line 77.
(pdftex.def)             Requested size: 439.40051pt x 215.84587pt.

Overfull \hbox (18.29971pt too wide) in paragraph at lines 77--78
 [] 
 []

[52]
<figures/pool-http-db-db-grpc.png, id=1062, 457.2282pt x 219.4599pt>
File: figures/pool-http-db-db-grpc.png Graphic file (type png)
<use figures/pool-http-db-db-grpc.png>
Package pdftex.def Info: figures/pool-http-db-db-grpc.png  used on input line 8
5.
(pdftex.def)             Requested size: 457.22708pt x 219.45935pt.

Overfull \hbox (36.12628pt too wide) in paragraph at lines 85--86
 [] 
 []

[53 <./figures/pool-db-http.png>]
Overfull \hbox (0.98299pt too wide) in paragraph at lines 104--104
|[]\OT1/cmr/bx/n/17.28 Results com-par-i-son of ma-chine learn-ing mod-
 []

[54 <./figures/pool-http-db-db-grpc.png>]
<figures/pool_size_dist.png, id=1077, 963.6pt x 493.845pt>
File: figures/pool_size_dist.png Graphic file (type png)
<use figures/pool_size_dist.png>
Package pdftex.def Info: figures/pool_size_dist.png  used on input line 124.
(pdftex.def)             Requested size: 481.79883pt x 246.92189pt.

Overfull \hbox (60.69803pt too wide) in paragraph at lines 124--125
 [] 
 []


Overfull \hbox (34.75418pt too wide) in paragraph at lines 135--143
[][] 
 []

[55 <./figures/pool_size_dist.png>]
<figures/MAPE-values.jpg, id=1085, 164.37224pt x 82.01805pt>
File: figures/MAPE-values.jpg Graphic file (type jpg)
<use figures/MAPE-values.jpg>
Package pdftex.def Info: figures/MAPE-values.jpg  used on input line 161.
(pdftex.def)             Requested size: 164.37183pt x 82.01784pt.
 [56 <./figures/MAPE-values.jpg>]
Overfull \vbox (14.49998pt too high) detected at line 174
 []

<figures/ts_db_2.png, id=1105, 881.2925pt x 603.25375pt>
File: figures/ts_db_2.png Graphic file (type png)
<use figures/ts_db_2.png>
Package pdftex.def Info: figures/ts_db_2.png  used on input line 187.
(pdftex.def)             Requested size: 440.64517pt x 301.62613pt.

Overfull \hbox (19.54437pt too wide) in paragraph at lines 187--188
 [] 
 []

<figures/ts_http_1.png, id=1106, 860.21375pt x 609.27625pt>
File: figures/ts_http_1.png Graphic file (type png)
<use figures/ts_http_1.png>
Package pdftex.def Info: figures/ts_http_1.png  used on input line 195.
(pdftex.def)             Requested size: 430.10582pt x 304.63737pt.

Overfull \hbox (9.00502pt too wide) in paragraph at lines 195--196
 [] 
 []

) [57] [58 <./figures/ts_db_2.png> <./figures/ts_http_1.png>] [59]
\openout2 = `6-Conclusions.aux'.


(./6-Conclusions.tex
Chapter 6.
[60



] [61] [62]) [63]
\openout2 = `AppendixA.aux'.

 (./AppendixA.tex
Appendix A.
) [64



]
\openout2 = `AppendixB.aux'.

 (./AppendixB.tex
Appendix B.
) [65



]
\openout2 = `AppendixC.aux'.

 (./AppendixC.tex
Appendix C.

Overfull \hbox (25.66293pt too wide) in paragraph at lines 3--4
\OT1/cmr/m/n/12 im-ple-men-ta-tion can be found at []$\OT1/cmtt/m/n/12 https : 
/ / github . com / lakinduakash / ballerina-[]lang$[]
 []

(./codes/DefaultHttpWsConnectorFactory.java [66



] [67] [68] [69] [70] [71])
(/usr/share/texlive/texmf-dist/tex/latex/listings/lstlang1.sty
File: lstlang1.sty 2019/09/10 1.8c listings language file
)
(/usr/share/texlive/texmf-dist/tex/latex/listings/lstlang1.sty
File: lstlang1.sty 2019/09/10 1.8c listings language file
)
(./codes/ballerina-build-only.sh [72]
LaTeX Font Info:    Trying to load font information for TS1+cmtt on input line 
20.

(/usr/share/texlive/texmf-dist/tex/latex/base/ts1cmtt.fd
File: ts1cmtt.fd 2019/12/16 v2.5j Standard LaTeX font definitions
))
(./codes/ballerina-run-only.sh) [73] (./codes/run-all.sh) [74]
(./codes/jmeter-run-only.sh) (./codes/bal.Dockerfile)
(/usr/share/texlive/texmf-dist/tex/latex/listings/lstlang1.sty
File: lstlang1.sty 2019/09/10 1.8c listings language file
)
(/usr/share/texlive/texmf-dist/tex/latex/listings/lstmisc.sty
File: lstmisc.sty 2019/09/10 1.8c (Carsten Heinz)
)
(./codes/Test_Plan_General_4_params.jmx [75] [76] [77] [78])) [79] (./main.bbl
[80


] [81]
Underfull \hbox (badness 3780) in paragraph at lines 124--126
[]\OT1/cmr/m/n/12 ``The eight fal-la-cies of dis-tributed com-put-ing - tech ta
lk.'' []$\OT1/cmtt/m/n/12 https :
 []


Underfull \hbox (badness 10000) in paragraph at lines 124--126
\OT1/cmtt/m/n/12 / / web . archive . org / web / 20171107014323 / http : / / bl
og . fogcreek . com /
 []

[82]
Underfull \hbox (badness 10000) in paragraph at lines 136--138
[]\OT1/cmr/m/n/12 ``Ballerina plu-gin for in-telij ide.'' []$\OT1/cmtt/m/n/12 h
ttps : / / github . com /
 []


Underfull \hbox (badness 10000) in paragraph at lines 164--165
[]\OT1/cmr/m/n/12 Wso2, ``Http trasnport li-brary.'' []$\OT1/cmtt/m/n/12 https 
: / / github . com / wso2 /
 []


Underfull \hbox (badness 1688) in paragraph at lines 176--178
[]\OT1/cmr/m/n/12 ``Tsung - a load test-ing tool us-ing er-lang lan-guage.'' []
$\OT1/cmtt/m/n/12 http : / / tsung .
 []


Underfull \hbox (badness 1590) in paragraph at lines 185--188
\OT1/cmr/m/n/12 used for con-duct-ing ex-per-i-ments.'' []$\OT1/cmtt/m/n/12 htt
ps : / / github . com / lakinduakash /
 []

[83])
Package atveryend Info: Empty hook `BeforeClearDocument' on input line 161.
 [84]
Package atveryend Info: Empty hook `AfterLastShipout' on input line 161.
 (./main.aux (./Cover-Page.aux) (./Title-Page.aux) (./Declaration.aux) (./Abstr
act.aux) (./Preface.aux) (./Acknowledgement.aux)
(./1-Introduction.aux) (./2-Literature-Review.aux) (./3-Design.aux)
(./4-Implementation.aux) (./5-Results-and-Evaluation.aux) (./6-Conclusions.aux)
(./AppendixA.aux) (./AppendixB.aux) (./AppendixC.aux))
Package atveryend Info: Executing hook `AtVeryEndDocument' on input line 161.
Package atveryend Info: Executing hook `AtEndAfterFileList' on input line 161.
Package rerunfilecheck Info: File `main.out' has not changed.
(rerunfilecheck)             Checksum: 42518EF003600759926CDEC6159FD9D0;10720.
 ) 
Here is how much of TeX's memory you used:
 22586 strings out of 483107
 334296 string characters out of 5964630
 1025443 words of memory out of 5000000
 36260 multiletter control sequences out of 15000+600000
 541951 words of font info for 57 fonts, out of 8000000 for 9000
 59 hyphenation exceptions out of 8191
 51i,21n,98p,1466b,2219s stack positions out of 5000i,500n,10000p,200000b,80000s
pdfTeX warning (dest): name{glo:MSE} has been referenced but does not exist, 
replaced by a fixed one

pdfTeX warning (dest): name{glo:MAPE} has been referenced but does not exist, r
eplaced by a fixed one

 </home/lakindu/.texlive2019/texmf-var/fonts/pk/ljfour/jknappen/ec/tctt1000.600
pk> </home/lakindu/.texlive2019/texmf-var/fonts/pk/ljfour/jknappen/ec/tcrm1200.
600pk></usr/share/texlive/texmf-dist/fonts/type1/public/amsfonts/cm/cmbx12.pfb>
</usr/share/texlive/texmf-dist/fonts/type1/public/amsfonts/cm/cmmi12.pfb></usr/
share/texlive/texmf-dist/fonts/type1/public/amsfonts/cm/cmmib10.pfb></usr/share
/texlive/texmf-dist/fonts/type1/public/amsfonts/cm/cmr12.pfb></usr/share/texliv
e/texmf-dist/fonts/type1/public/amsfonts/cm/cmr17.pfb></usr/share/texlive/texmf
-dist/fonts/type1/public/amsfonts/cm/cmr6.pfb></usr/share/texlive/texmf-dist/fo
nts/type1/public/amsfonts/cm/cmsy10.pfb></usr/share/texlive/texmf-dist/fonts/ty
pe1/public/amsfonts/cm/cmti12.pfb></usr/share/texlive/texmf-dist/fonts/type1/pu
blic/amsfonts/cm/cmtt10.pfb></usr/share/texlive/texmf-dist/fonts/type1/public/a
msfonts/cm/cmtt12.pfb>
Output written on main.pdf (97 pages, 2778389 bytes).
PDF statistics:
 1850 PDF objects out of 2073 (max. 8388607)
 1677 compressed objects within 17 object streams
 797 named destinations out of 1000 (max. 500000)
 566 words of extra memory for PDF output out of 10000 (max. 10000000)

